# JRE version: OpenJDK Runtime Environment (8.0_76-b03) (build 1.8.0_76-release-b03)
# Java VM: OpenJDK 64-Bit Server VM (25.76-b03 mixed mode windows-amd64 compressed oops)
Heap:
 PSYoungGen      total 349696K, used 81249K [0x00000000e0000000, 0x0000000100000000, 0x0000000100000000)
  eden space 175104K, 0% used [0x00000000e0000000,0x00000000e0000000,0x00000000eab00000)
  from space 174592K, 46% used [0x00000000eab00000,0x00000000efa58720,0x00000000f5580000)
  to   space 174592K, 0% used [0x00000000f5580000,0x00000000f5580000,0x0000000100000000)
 ParOldGen       total 1048576K, used 972839K [0x00000000a0000000, 0x00000000e0000000, 0x00000000e0000000)
  object space 1048576K, 92% used [0x00000000a0000000,0x00000000db609f98,0x00000000e0000000)
 Metaspace       used 135593K, capacity 148696K, committed 150832K, reserved 1181696K
  class space    used 16509K, capacity 17841K, committed 18224K, reserved 1048576K
GC Heap History (10 events):
Event: 21484.390 GC heap after
Heap after GC invocations=396 (full 59):
 PSYoungGen      total 349696K, used 66756K [0x00000000e0000000, 0x0000000100000000, 0x0000000100000000)
  eden space 175104K, 0% used [0x00000000e0000000,0x00000000e0000000,0x00000000eab00000)
  from space 174592K, 38% used [0x00000000eab00000,0x00000000eec31398,0x00000000f5580000)
  to   space 174592K, 0% used [0x00000000f5580000,0x00000000f5580000,0x0000000100000000)
 ParOldGen       total 1048576K, used 676460K [0x00000000a0000000, 0x00000000e0000000, 0x00000000e0000000)
  object space 1048576K, 64% used [0x00000000a0000000,0x00000000c949b2a8,0x00000000e0000000)
 Metaspace       used 135593K, capacity 148696K, committed 150832K, reserved 1181696K
  class space    used 16509K, capacity 17841K, committed 18224K, reserved 1048576K
}
Event: 21484.429 GC heap before
{Heap before GC invocations=397 (full 59):
 PSYoungGen      total 349696K, used 241860K [0x00000000e0000000, 0x0000000100000000, 0x0000000100000000)
  eden space 175104K, 100% used [0x00000000e0000000,0x00000000eab00000,0x00000000eab00000)
  from space 174592K, 38% used [0x00000000eab00000,0x00000000eec31398,0x00000000f5580000)
  to   space 174592K, 0% used [0x00000000f5580000,0x00000000f5580000,0x0000000100000000)
 ParOldGen       total 1048576K, used 676460K [0x00000000a0000000, 0x00000000e0000000, 0x00000000e0000000)
  object space 1048576K, 64% used [0x00000000a0000000,0x00000000c949b2a8,0x00000000e0000000)
 Metaspace       used 135593K, capacity 148696K, committed 150832K, reserved 1181696K
  class space    used 16509K, capacity 17841K, committed 18224K, reserved 1048576K
Event: 21484.489 GC heap after
Heap after GC invocations=397 (full 59):
 PSYoungGen      total 349696K, used 103096K [0x00000000e0000000, 0x0000000100000000, 0x0000000100000000)
  eden space 175104K, 0% used [0x00000000e0000000,0x00000000e0000000,0x00000000eab00000)
  from space 174592K, 59% used [0x00000000f5580000,0x00000000fba2e150,0x0000000100000000)
  to   space 174592K, 0% used [0x00000000eab00000,0x00000000eab00000,0x00000000f5580000)
 ParOldGen       total 1048576K, used 739892K [0x00000000a0000000, 0x00000000e0000000, 0x00000000e0000000)
  object space 1048576K, 70% used [0x00000000a0000000,0x00000000cd28d0f0,0x00000000e0000000)
 Metaspace       used 135593K, capacity 148696K, committed 150832K, reserved 1181696K
  class space    used 16509K, capacity 17841K, committed 18224K, reserved 1048576K
}
Event: 21484.647 GC heap before
{Heap before GC invocations=398 (full 59):
 PSYoungGen      total 349696K, used 278200K [0x00000000e0000000, 0x0000000100000000, 0x0000000100000000)
  eden space 175104K, 100% used [0x00000000e0000000,0x00000000eab00000,0x00000000eab00000)
  from space 174592K, 59% used [0x00000000f5580000,0x00000000fba2e150,0x0000000100000000)
  to   space 174592K, 0% used [0x00000000eab00000,0x00000000eab00000,0x00000000f5580000)
 ParOldGen       total 1048576K, used 739892K [0x00000000a0000000, 0x00000000e0000000, 0x00000000e0000000)
  object space 1048576K, 70% used [0x00000000a0000000,0x00000000cd28d0f0,0x00000000e0000000)
 Metaspace       used 135593K, capacity 148696K, committed 150832K, reserved 1181696K
  class space    used 16509K, capacity 17841K, committed 18224K, reserved 1048576K
Event: 21484.698 GC heap after
Heap after GC invocations=398 (full 59):
 PSYoungGen      total 349696K, used 21461K [0x00000000e0000000, 0x0000000100000000, 0x0000000100000000)
  eden space 175104K, 0% used [0x00000000e0000000,0x00000000e0000000,0x00000000eab00000)
  from space 174592K, 12% used [0x00000000eab00000,0x00000000ebff5580,0x00000000f5580000)
  to   space 174592K, 0% used [0x00000000f5580000,0x00000000f5580000,0x0000000100000000)
 ParOldGen       total 1048576K, used 847449K [0x00000000a0000000, 0x00000000e0000000, 0x00000000e0000000)
  object space 1048576K, 80% used [0x00000000a0000000,0x00000000d3b967c0,0x00000000e0000000)
 Metaspace       used 135593K, capacity 148696K, committed 150832K, reserved 1181696K
  class space    used 16509K, capacity 17841K, committed 18224K, reserved 1048576K
}
Event: 21485.910 GC heap before
{Heap before GC invocations=399 (full 59):
 PSYoungGen      total 349696K, used 196565K [0x00000000e0000000, 0x0000000100000000, 0x0000000100000000)
  eden space 175104K, 100% used [0x00000000e0000000,0x00000000eab00000,0x00000000eab00000)
  from space 174592K, 12% used [0x00000000eab00000,0x00000000ebff5580,0x00000000f5580000)
  to   space 174592K, 0% used [0x00000000f5580000,0x00000000f5580000,0x0000000100000000)
 ParOldGen       total 1048576K, used 847449K [0x00000000a0000000, 0x00000000e0000000, 0x00000000e0000000)
  object space 1048576K, 80% used [0x00000000a0000000,0x00000000d3b967c0,0x00000000e0000000)
 Metaspace       used 135593K, capacity 148696K, committed 150832K, reserved 1181696K
  class space    used 16509K, capacity 17841K, committed 18224K, reserved 1048576K
Event: 21485.985 GC heap after
Heap after GC invocations=399 (full 59):
 PSYoungGen      total 349696K, used 107342K [0x00000000e0000000, 0x0000000100000000, 0x0000000100000000)
  eden space 175104K, 0% used [0x00000000e0000000,0x00000000e0000000,0x00000000eab00000)
  from space 174592K, 61% used [0x00000000f5580000,0x00000000fbe53828,0x0000000100000000)
  to   space 174592K, 0% used [0x00000000eab00000,0x00000000eab00000,0x00000000f5580000)
 ParOldGen       total 1048576K, used 864470K [0x00000000a0000000, 0x00000000e0000000, 0x00000000e0000000)
  object space 1048576K, 82% used [0x00000000a0000000,0x00000000d4c35920,0x00000000e0000000)
 Metaspace       used 135593K, capacity 148696K, committed 150832K, reserved 1181696K
  class space    used 16509K, capacity 17841K, committed 18224K, reserved 1048576K
}
Event: 21486.032 GC heap before
{Heap before GC invocations=400 (full 59):
 PSYoungGen      total 349696K, used 282446K [0x00000000e0000000, 0x0000000100000000, 0x0000000100000000)
  eden space 175104K, 100% used [0x00000000e0000000,0x00000000eab00000,0x00000000eab00000)
  from space 174592K, 61% used [0x00000000f5580000,0x00000000fbe53828,0x0000000100000000)
  to   space 174592K, 0% used [0x00000000eab00000,0x00000000eab00000,0x00000000f5580000)
 ParOldGen       total 1048576K, used 864470K [0x00000000a0000000, 0x00000000e0000000, 0x00000000e0000000)
  object space 1048576K, 82% used [0x00000000a0000000,0x00000000d4c35920,0x00000000e0000000)
 Metaspace       used 135593K, capacity 148696K, committed 150832K, reserved 1181696K
  class space    used 16509K, capacity 17841K, committed 18224K, reserved 1048576K
Event: 21486.121 GC heap after
Heap after GC invocations=400 (full 59):
 PSYoungGen      total 349696K, used 81249K [0x00000000e0000000, 0x0000000100000000, 0x0000000100000000)
  eden space 175104K, 0% used [0x00000000e0000000,0x00000000e0000000,0x00000000eab00000)
  from space 174592K, 46% used [0x00000000eab00000,0x00000000efa58720,0x00000000f5580000)
  to   space 174592K, 0% used [0x00000000f5580000,0x00000000f5580000,0x0000000100000000)
 ParOldGen       total 1048576K, used 972839K [0x00000000a0000000, 0x00000000e0000000, 0x00000000e0000000)
  object space 1048576K, 92% used [0x00000000a0000000,0x00000000db609f98,0x00000000e0000000)
 Metaspace       used 135593K, capacity 148696K, committed 150832K, reserved 1181696K
  class space    used 16509K, capacity 17841K, committed 18224K, reserved 1048576K
}
Event: 21486.121 GC heap before
{Heap before GC invocations=401 (full 60):
 PSYoungGen      total 349696K, used 81249K [0x00000000e0000000, 0x0000000100000000, 0x0000000100000000)
  eden space 175104K, 0% used [0x00000000e0000000,0x00000000e0000000,0x00000000eab00000)
  from space 174592K, 46% used [0x00000000eab00000,0x00000000efa58720,0x00000000f5580000)
  to   space 174592K, 0% used [0x00000000f5580000,0x00000000f5580000,0x0000000100000000)
 ParOldGen       total 1048576K, used 972839K [0x00000000a0000000, 0x00000000e0000000, 0x00000000e0000000)
  object space 1048576K, 92% used [0x00000000a0000000,0x00000000db609f98,0x00000000e0000000)
 Metaspace       used 135593K, capacity 148696K, committed 150832K, reserved 1181696K
  class space    used 16509K, capacity 17841K, committed 18224K, reserved 1048576K

